
> @ss-2/snfoundry@0.0.1 chain
> starknet-devnet --seed 0

Chain ID: SN_SEPOLIA (0x534e5f5345504f4c4941)

Predeployed FeeToken
ETH Address: 0x49D36570D4E46F48E99674BD3FCC84644DDD6B96F7C741B1562B82F9E004DC7
Class Hash: 0x9524A94B41C4440A16FD96D7C1EF6AD6F44C1C013E96662734502CD4EE9B1F
STRK Address: 0x4718F5A0FC34CC1AF16A1CDEE98FFB20C31F5CD61D6AB07201858F4287C938D
Class Hash: 0x76791EF97C042F81FBF352AD95F39A22554EE8D7927B2CE3C681F3418B5206A

Predeployed UDC
Address: 0x2CEED65A4BD731034C01113685C831B01C15D7D432F71AFB1CF1634B53A2125
Class Hash: 0x1B2DF6D8861670D4A8CA4670433B2418D78169C2947F46DC614E69F333745C8

Predeployed accounts using class Custom with hash: 0x05b4b537eaa2399e3aa99c4e2e0208ebd6c71bc1467938cd52c798c601e43564

| Account address |  0x064b48806902a367c8598f4f95c305e8c1a1acba5f082d294a43793113115691
| Private key     |  0x0000000000000000000000000000000071d7bb07b9a64f6f78ac4c816aff4da9
| Public key      |  0x039d9e6ce352ad4530a0ef5d5a18fd3303c3606a7fa6ac5b620020ad681cc33b

| Account address |  0x078662e7352d062084b0010068b99288486c2d8b914f6e2a55ce945f8792c8b1
| Private key     |  0x000000000000000000000000000000000e1406455b7d66b1690803be066cbe5e
| Public key      |  0x007a1bb2744a7dd29bffd44341dbd78008adb4bc11733601e7eddff322ada9cb

| Account address |  0x049dfb8ce986e21d354ac93ea65e6a11f639c1934ea253e5ff14ca62eca0f38e
| Private key     |  0x00000000000000000000000000000000a20a02f0ac53692d144b20cb371a60d7
| Public key      |  0x00b8fd4ddd415902d96f61b7ad201022d495997c2dff8eb9e0eb86253e30fabc

| Account address |  0x04f348398f859a55a0c80b1446c5fdc37edb3a8478a32f10764659fc241027d3
| Private key     |  0x00000000000000000000000000000000a641611c17d4d92bd0790074e34beeb7
| Public key      |  0x05e05d2510c6110bde03df9c1c126a1f592207d78cd9e481ac98540d5336d23c

| Account address |  0x00d513de92c16aa42418cf7e5b60f8022dbee1b4dfd81bcf03ebee079cfb5cb5
| Private key     |  0x000000000000000000000000000000005b4ac23628a5749277bcabbf4726b025
| Public key      |  0x04708e28e2424381659ea6b7dded2b3aff4b99debfcf6080160a9d098ac2214d

| Account address |  0x01e8c6c17efa3a047506c0b1610bd188aa3e3dd6c5d9227549b65428de24de78
| Private key     |  0x00000000000000000000000000000000836203aceb0e9b0066138c321dda5ae6
| Public key      |  0x0776d33371a98abee91ce60ac04321361565c8623cb612ee9357092da2162f51

| Account address |  0x0557ba9ef60b52dad611d79b60563901458f2476a5c1002a8b4869fcb6654c7e
| Private key     |  0x0000000000000000000000000000000015b5e3013d752c909988204714f1ff35
| Public key      |  0x004236bd1a08ee4bc3288081dfaf2b71d9a6e6e573d1b31a62719db73a88bb55

| Account address |  0x003736286f1050d4ba816b4d56d15d80ca74c1752c4e847243f1da726c36e06f
| Private key     |  0x00000000000000000000000000000000a56597ba3378fa9e6440ea9ae0cf2865
| Public key      |  0x020b6aad24b5741eb49ed1b00ea78e3657e4d74af47e329f6f9fe489517474db

| Account address |  0x04d8bb41636b42d3c69039f3537333581cc19356a0c93904fa3e569498c23ad0
| Private key     |  0x00000000000000000000000000000000b467066159b295a7667b633d6bdaabac
| Public key      |  0x00c6c2f7833f681c8fe001533e99571f6ff8dec59268792a429a14b5b252f1ad

| Account address |  0x04b3f4ba8c00a02b66142a4b1dd41a4dfab4f92650922a3280977b0f03c75ee1
| Private key     |  0x0000000000000000000000000000000057b2f8431c772e647712ae93cc616638
| Public key      |  0x0374f7fcb50bc2d6b8b7a267f919232e3ac68354ce3eafe88d3df323fc1deb23

Initial balance of each account: 1000000000000000000000 WEI and FRI
Seed to replicate this account sequence: 0

[2m2026-02-13T13:03:28.606374Z[0m [32m INFO[0m [2mstarknet_devnet[0m[2m:[0m Starknet Devnet listening on 127.0.0.1:5050
[2m2026-02-13T13:03:41.771184Z[0m [32m INFO[0m [2mrpc[0m[2m:[0m received method in on_request starknet_getBlockWithTxHashes
[2m2026-02-13T13:03:41.771857Z[0m [32m INFO[0m [2mrpc[0m[2m:[0m received method in on_request starknet_call
[2m2026-02-13T13:03:41.900095Z[0m [32m INFO[0m [2mrpc[0m[2m:[0m received method in on_request starknet_getClass
[2m2026-02-13T13:03:41.965757Z[0m [32m INFO[0m [2mrpc[0m[2m:[0m received method in on_request starknet_getNonce
[2m2026-02-13T13:03:41.971307Z[0m [32m INFO[0m [2mrpc[0m[2m:[0m received method in on_request starknet_chainId
[2m2026-02-13T13:03:42.016976Z[0m [32m INFO[0m [2mrpc[0m[2m:[0m received method in on_request starknet_estimateFee
[2m2026-02-13T13:04:28.981172Z[0m [32m INFO[0m [2mrpc[0m[2m:[0m received method in on_request starknet_call
[2m2026-02-13T13:04:28.981146Z[0m [32m INFO[0m [2mrpc[0m[2m:[0m received method in on_request starknet_getBlockWithTxHashes
[2m2026-02-13T13:04:29.278812Z[0m [32m INFO[0m [2mrpc[0m[2m:[0m received method in on_request starknet_getClass
[2m2026-02-13T13:04:29.348033Z[0m [32m INFO[0m [2mrpc[0m[2m:[0m received method in on_request starknet_getNonce
[2m2026-02-13T13:04:29.350814Z[0m [32m INFO[0m [2mrpc[0m[2m:[0m received method in on_request starknet_chainId
[2m2026-02-13T13:04:29.412228Z[0m [32m INFO[0m [2mrpc[0m[2m:[0m received method in on_request starknet_estimateFee
[2m2026-02-13T13:05:49.429131Z[0m [32m INFO[0m [2mrpc[0m[2m:[0m received method in on_request starknet_getBlockWithTxHashes
[2m2026-02-13T13:05:49.434324Z[0m [32m INFO[0m [2mrpc[0m[2m:[0m received method in on_request starknet_call
[2m2026-02-13T13:05:49.560802Z[0m [32m INFO[0m [2mrpc[0m[2m:[0m received method in on_request starknet_getClass
[2m2026-02-13T13:05:49.612066Z[0m [32m INFO[0m [2mrpc[0m[2m:[0m received method in on_request starknet_getNonce
[2m2026-02-13T13:05:49.614332Z[0m [32m INFO[0m [2mrpc[0m[2m:[0m received method in on_request starknet_chainId
[2m2026-02-13T13:05:49.642971Z[0m [32m INFO[0m [2mrpc[0m[2m:[0m received method in on_request starknet_estimateFee
